<?xml version="1.0" encoding="UTF-8" ?>
<testsuite failures="0" time="5.079" errors="0" skipped="1" tests="4" name="com.q1a.jdbcprogram.TestJDBCConnection">
  <properties>
[...]
</properties>
  <testcase time="0" classname="com.q1a.jdbcprogram.TestJDBCConnection" name="testSelect">
    <skipped/>
  </testcase>
  <testcase time="0.005" classname="com.q1a.jdbcprogram.TestJDBCConnection" name="testSelectWithWhereClause"/>
  <testcase time="0.004" classname="com.q1a.jdbcprogram.TestJDBCConnection" name="testSelectWithPreparedStatement"/>
  <testcase time="0.004" classname="com.q1a.jdbcprogram.TestJDBCConnection" name="testSelectWithPreparedStatementWith2BindVariable"/>
</testsuite>