<?xml version="1.0" encoding="UTF-8" ?>
<testsuite failures="0" time="14.489" errors="0" skipped="0" tests="5" name="com.q1a.auto.FirefoxHomeTest">
  <properties>
[...]
</properties>
  <testcase time="0.542" classname="com.q1a.auto.FirefoxHomeTest" name="testTitle"/>
  <testcase time="0.225" classname="com.q1a.auto.FirefoxHomeTest" name="testLogo"/>
  <testcase time="0.037" classname="com.q1a.auto.FirefoxHomeTest" name="testWelcome"/>
  <testcase time="0.173" classname="com.q1a.auto.FirefoxHomeTest" name="testHowItsWork"/>
  <testcase time="0.076" classname="com.q1a.auto.FirefoxHomeTest" name="testFooter"/>
</testsuite>